<?xml version="1.0" encoding="UTF-8"?>
<testng-results ignored="0" total="2" passed="2" failed="0" skipped="0">
  <reporter-output>
  </reporter-output>
  <suite started-at="2022-10-29T04:28:44 IST" name="Default suite" finished-at="2022-10-29T04:29:14 IST" duration-ms="30096">
    <groups>
    </groups>
    <test started-at="2022-10-29T04:28:44 IST" name="Default test" finished-at="2022-10-29T04:29:14 IST" duration-ms="30096">
      <class name="testCases.TestScripts">
        <test-method is-config="true" signature="beforeSuite()[pri:0, instance:testCases.TestScripts@229c6181]" started-at="2022-10-29T04:28:44 IST" name="beforeSuite" finished-at="2022-10-29T04:28:44 IST" duration-ms="12" status="PASS">
          <reporter-output>
          </reporter-output>
        </test-method> <!-- beforeSuite -->
        <test-method is-config="true" signature="beforeMethod()[pri:0, instance:testCases.TestScripts@229c6181]" started-at="2022-10-29T04:28:44 IST" name="beforeMethod" finished-at="2022-10-29T04:28:54 IST" duration-ms="10170" status="PASS">
          <reporter-output>
          </reporter-output>
        </test-method> <!-- beforeMethod -->
        <test-method signature="patientsProfessionalsTest(dataModels.HomePage)[pri:0, instance:testCases.TestScripts@229c6181]" started-at="2022-10-29T04:28:54 IST" name="patientsProfessionalsTest" data-provider="countryLanguageData" finished-at="2022-10-29T04:28:56 IST" duration-ms="1617" status="PASS">
          <params>
            <param index="0">
              <value>
                <![CDATA[dataModels.HomePage@748e9b20]]>
              </value>
            </param>
          </params>
          <reporter-output>
          </reporter-output>
        </test-method> <!-- patientsProfessionalsTest -->
        <test-method is-config="true" signature="afterMethod()[pri:0, instance:testCases.TestScripts@229c6181]" started-at="2022-10-29T04:28:56 IST" name="afterMethod" finished-at="2022-10-29T04:28:57 IST" duration-ms="745" status="PASS">
          <reporter-output>
          </reporter-output>
        </test-method> <!-- afterMethod -->
        <test-method is-config="true" signature="beforeMethod()[pri:0, instance:testCases.TestScripts@229c6181]" started-at="2022-10-29T04:28:57 IST" name="beforeMethod" finished-at="2022-10-29T04:29:06 IST" duration-ms="9539" status="PASS">
          <reporter-output>
          </reporter-output>
        </test-method> <!-- beforeMethod -->
        <test-method signature="patientsProfessionalsTest(dataModels.HomePage)[pri:0, instance:testCases.TestScripts@229c6181]" started-at="2022-10-29T04:29:06 IST" name="patientsProfessionalsTest" data-provider="countryLanguageData" finished-at="2022-10-29T04:29:13 IST" duration-ms="7243" status="PASS">
          <params>
            <param index="0">
              <value>
                <![CDATA[dataModels.HomePage@71f0b72e]]>
              </value>
            </param>
          </params>
          <reporter-output>
          </reporter-output>
        </test-method> <!-- patientsProfessionalsTest -->
        <test-method is-config="true" signature="afterMethod()[pri:0, instance:testCases.TestScripts@229c6181]" started-at="2022-10-29T04:29:13 IST" name="afterMethod" finished-at="2022-10-29T04:29:14 IST" duration-ms="733" status="PASS">
          <reporter-output>
          </reporter-output>
        </test-method> <!-- afterMethod -->
      </class> <!-- testCases.TestScripts -->
    </test> <!-- Default test -->
  </suite> <!-- Default suite -->
</testng-results>
