<?xml version="1.0" encoding="UTF-8"?>
<testng-results ignored="0" total="2" passed="1" failed="1" skipped="0">
  <reporter-output>
  </reporter-output>
  <suite started-at="2023-07-14T01:27:34 IST" name="Default suite" finished-at="2023-07-14T01:28:07 IST" duration-ms="33438">
    <groups>
    </groups>
    <test started-at="2023-07-14T01:27:34 IST" name="Default test" finished-at="2023-07-14T01:28:07 IST" duration-ms="33438">
      <class name="testCases.TestScripts">
        <test-method is-config="true" signature="beforeSuite()[pri:0, instance:testCases.TestScripts@1033576a]" started-at="2023-07-14T01:27:34 IST" name="beforeSuite" finished-at="2023-07-14T01:27:34 IST" duration-ms="22" status="PASS">
          <reporter-output>
          </reporter-output>
        </test-method> <!-- beforeSuite -->
        <test-method is-config="true" signature="beforeMethod()[pri:0, instance:testCases.TestScripts@1033576a]" started-at="2023-07-14T01:27:34 IST" name="beforeMethod" finished-at="2023-07-14T01:27:49 IST" duration-ms="15053" status="PASS">
          <reporter-output>
          </reporter-output>
        </test-method> <!-- beforeMethod -->
        <test-method signature="patientsProfessionalsTest(dataModels.HomePage)[pri:0, instance:testCases.TestScripts@1033576a]" started-at="2023-07-14T01:27:49 IST" name="patientsProfessionalsTest" data-provider="countryLanguageData" finished-at="2023-07-14T01:27:51 IST" duration-ms="1900" status="FAIL">
          <params>
            <param index="0">
              <value>
                <![CDATA[dataModels.HomePage@5d7ca698]]>
              </value>
            </param>
          </params>
          <exception class="org.openqa.selenium.ElementClickInterceptedException">
            <message>
              <![CDATA[element click intercepted: Element <button tabindex="0" type="button" role="button" class="trustarc-primary-btn trustarc-acceptall-btn trustarc-agree-btn" id="truste-consent-button" style="font-weight:600;margin-top:10px;height:50px;width:100%;font-size:22px;border: 1px solid #eee;border-radius:4px;cursor:pointer;color:#000;font-family:&quot;Source Sans Pro&quot;, sans-serif;">...</button> is not clickable at point (1340, 538). Other element would receive the click: <div id="countryModal" class="modal modal-centered fade in" role="dialog" style="display: block; padding-right: 17px;">...</div>
  (Session info: chrome=114.0.5735.199)
Build info: version: '4.10.0', revision: 'c14d967899'
System info: os.name: 'Windows 10', os.arch: 'amd64', os.version: '10.0', java.version: '17.0.7'
Driver info: org.openqa.selenium.chrome.ChromeDriver
Command: [2ebd67039370a252a78281e8099615cb, clickElement {id=B8EC8EFCB3EBEFF804EFA54731569CB3_element_34}]
Capabilities {acceptInsecureCerts: false, browserName: chrome, browserVersion: 114.0.5735.199, chrome: {chromedriverVersion: 114.0.5735.90 (386bc09e8f4f..., userDataDir: C:\Users\rka17\AppData\Loca...}, goog:chromeOptions: {debuggerAddress: localhost:64868}, networkConnectionEnabled: false, pageLoadStrategy: normal, platformName: windows, proxy: Proxy(), se:cdp: ws://localhost:64868/devtoo..., se:cdpVersion: 114.0.5735.199, setWindowRect: true, strictFileInteractability: false, timeouts: {implicit: 0, pageLoad: 300000, script: 30000}, unhandledPromptBehavior: dismiss and notify, webauthn:extension:credBlob: true, webauthn:extension:largeBlob: true, webauthn:extension:minPinLength: true, webauthn:extension:prf: true, webauthn:virtualAuthenticators: true}
Element: [[ChromeDriver: chrome on windows (2ebd67039370a252a78281e8099615cb)] -> css selector: button[id='truste-consent-button']]
Session ID: 2ebd67039370a252a78281e8099615cb]]>
            </message>
            <full-stacktrace>
              <![CDATA[org.openqa.selenium.ElementClickInterceptedException: element click intercepted: Element <button tabindex="0" type="button" role="button" class="trustarc-primary-btn trustarc-acceptall-btn trustarc-agree-btn" id="truste-consent-button" style="font-weight:600;margin-top:10px;height:50px;width:100%;font-size:22px;border: 1px solid #eee;border-radius:4px;cursor:pointer;color:#000;font-family:&quot;Source Sans Pro&quot;, sans-serif;">...</button> is not clickable at point (1340, 538). Other element would receive the click: <div id="countryModal" class="modal modal-centered fade in" role="dialog" style="display: block; padding-right: 17px;">...</div>
  (Session info: chrome=114.0.5735.199)
Build info: version: '4.10.0', revision: 'c14d967899'
System info: os.name: 'Windows 10', os.arch: 'amd64', os.version: '10.0', java.version: '17.0.7'
Driver info: org.openqa.selenium.chrome.ChromeDriver
Command: [2ebd67039370a252a78281e8099615cb, clickElement {id=B8EC8EFCB3EBEFF804EFA54731569CB3_element_34}]
Capabilities {acceptInsecureCerts: false, browserName: chrome, browserVersion: 114.0.5735.199, chrome: {chromedriverVersion: 114.0.5735.90 (386bc09e8f4f..., userDataDir: C:\Users\rka17\AppData\Loca...}, goog:chromeOptions: {debuggerAddress: localhost:64868}, networkConnectionEnabled: false, pageLoadStrategy: normal, platformName: windows, proxy: Proxy(), se:cdp: ws://localhost:64868/devtoo..., se:cdpVersion: 114.0.5735.199, setWindowRect: true, strictFileInteractability: false, timeouts: {implicit: 0, pageLoad: 300000, script: 30000}, unhandledPromptBehavior: dismiss and notify, webauthn:extension:credBlob: true, webauthn:extension:largeBlob: true, webauthn:extension:minPinLength: true, webauthn:extension:prf: true, webauthn:virtualAuthenticators: true}
Element: [[ChromeDriver: chrome on windows (2ebd67039370a252a78281e8099615cb)] -> css selector: button[id='truste-consent-button']]
Session ID: 2ebd67039370a252a78281e8099615cb
at java.base/jdk.internal.reflect.NativeConstructorAccessorImpl.newInstance0(Native Method)
at java.base/jdk.internal.reflect.NativeConstructorAccessorImpl.newInstance(NativeConstructorAccessorImpl.java:77)
at java.base/jdk.internal.reflect.DelegatingConstructorAccessorImpl.newInstance(DelegatingConstructorAccessorImpl.java:45)
at java.base/java.lang.reflect.Constructor.newInstanceWithCaller(Constructor.java:499)
at java.base/java.lang.reflect.Constructor.newInstance(Constructor.java:480)
at org.openqa.selenium.remote.codec.w3c.W3CHttpResponseCodec.createException(W3CHttpResponseCodec.java:199)
at org.openqa.selenium.remote.codec.w3c.W3CHttpResponseCodec.decode(W3CHttpResponseCodec.java:132)
at org.openqa.selenium.remote.codec.w3c.W3CHttpResponseCodec.decode(W3CHttpResponseCodec.java:51)
at org.openqa.selenium.remote.HttpCommandExecutor.execute(HttpCommandExecutor.java:191)
at org.openqa.selenium.remote.service.DriverCommandExecutor.invokeExecute(DriverCommandExecutor.java:196)
at org.openqa.selenium.remote.service.DriverCommandExecutor.execute(DriverCommandExecutor.java:171)
at org.openqa.selenium.remote.RemoteWebDriver.execute(RemoteWebDriver.java:531)
at org.openqa.selenium.remote.RemoteWebElement.execute(RemoteWebElement.java:242)
at org.openqa.selenium.remote.RemoteWebElement.click(RemoteWebElement.java:77)
at helpers.WebDriverHelper.clickWebElement(WebDriverHelper.java:19)
at pageObjects.HomePO.clickAcceptCookieBtn(HomePO.java:133)
at businessObjects.HomeBO.validateTestAction(HomeBO.java:39)
at testCases.TestScripts.patientsProfessionalsTest(TestScripts.java:43)
at java.base/jdk.internal.reflect.NativeMethodAccessorImpl.invoke0(Native Method)
at java.base/jdk.internal.reflect.NativeMethodAccessorImpl.invoke(NativeMethodAccessorImpl.java:77)
at java.base/jdk.internal.reflect.DelegatingMethodAccessorImpl.invoke(DelegatingMethodAccessorImpl.java:43)
at java.base/java.lang.reflect.Method.invoke(Method.java:568)
at org.testng.internal.invokers.MethodInvocationHelper.invokeMethod(MethodInvocationHelper.java:139)
at org.testng.internal.invokers.TestInvoker.invokeMethod(TestInvoker.java:664)
at org.testng.internal.invokers.TestInvoker.invokeTestMethod(TestInvoker.java:227)
at org.testng.internal.invokers.MethodRunner.runInSequence(MethodRunner.java:50)
at org.testng.internal.invokers.TestInvoker$MethodInvocationAgent.invoke(TestInvoker.java:957)
at org.testng.internal.invokers.TestInvoker.invokeTestMethods(TestInvoker.java:200)
at org.testng.internal.invokers.TestMethodWorker.invokeTestMethods(TestMethodWorker.java:148)
at org.testng.internal.invokers.TestMethodWorker.run(TestMethodWorker.java:128)
at java.base/java.util.ArrayList.forEach(ArrayList.java:1511)
at org.testng.TestRunner.privateRun(TestRunner.java:848)
at org.testng.TestRunner.run(TestRunner.java:621)
at org.testng.SuiteRunner.runTest(SuiteRunner.java:443)
at org.testng.SuiteRunner.runSequentially(SuiteRunner.java:437)
at org.testng.SuiteRunner.privateRun(SuiteRunner.java:397)
at org.testng.SuiteRunner.run(SuiteRunner.java:336)
at org.testng.SuiteRunnerWorker.runSuite(SuiteRunnerWorker.java:52)
at org.testng.SuiteRunnerWorker.run(SuiteRunnerWorker.java:95)
at org.testng.TestNG.runSuitesSequentially(TestNG.java:1280)
at org.testng.TestNG.runSuitesLocally(TestNG.java:1200)
at org.testng.TestNG.runSuites(TestNG.java:1114)
at org.testng.TestNG.run(TestNG.java:1082)
at org.testng.remote.AbstractRemoteTestNG.run(AbstractRemoteTestNG.java:115)
at org.testng.remote.RemoteTestNG.initAndRun(RemoteTestNG.java:251)
at org.testng.remote.RemoteTestNG.main(RemoteTestNG.java:77)
]]>
            </full-stacktrace>
          </exception> <!-- org.openqa.selenium.ElementClickInterceptedException -->
          <reporter-output>
          </reporter-output>
        </test-method> <!-- patientsProfessionalsTest -->
        <test-method is-config="true" signature="afterMethod()[pri:0, instance:testCases.TestScripts@1033576a]" started-at="2023-07-14T01:27:51 IST" name="afterMethod" finished-at="2023-07-14T01:27:51 IST" duration-ms="367" status="PASS">
          <reporter-output>
          </reporter-output>
        </test-method> <!-- afterMethod -->
        <test-method is-config="true" signature="beforeMethod()[pri:0, instance:testCases.TestScripts@1033576a]" started-at="2023-07-14T01:27:51 IST" name="beforeMethod" finished-at="2023-07-14T01:27:58 IST" duration-ms="7123" status="PASS">
          <reporter-output>
          </reporter-output>
        </test-method> <!-- beforeMethod -->
        <test-method signature="patientsProfessionalsTest(dataModels.HomePage)[pri:0, instance:testCases.TestScripts@1033576a]" started-at="2023-07-14T01:27:58 IST" name="patientsProfessionalsTest" data-provider="countryLanguageData" finished-at="2023-07-14T01:28:07 IST" duration-ms="8516" status="PASS">
          <params>
            <param index="0">
              <value>
                <![CDATA[dataModels.HomePage@2d4608a6]]>
              </value>
            </param>
          </params>
          <reporter-output>
          </reporter-output>
        </test-method> <!-- patientsProfessionalsTest -->
        <test-method is-config="true" signature="afterMethod()[pri:0, instance:testCases.TestScripts@1033576a]" started-at="2023-07-14T01:28:07 IST" name="afterMethod" finished-at="2023-07-14T01:28:07 IST" duration-ms="398" status="PASS">
          <reporter-output>
          </reporter-output>
        </test-method> <!-- afterMethod -->
      </class> <!-- testCases.TestScripts -->
    </test> <!-- Default test -->
  </suite> <!-- Default suite -->
</testng-results>
