<?xml version="1.0" encoding="UTF-8"?>
<testng-results ignored="0" total="2" passed="2" failed="0" skipped="0">
  <reporter-output>
  </reporter-output>
  <suite started-at="2022-11-01T11:33:25 IST" name="Default suite" finished-at="2022-11-01T11:33:51 IST" duration-ms="25429">
    <groups>
    </groups>
    <test started-at="2022-11-01T11:33:25 IST" name="Default test" finished-at="2022-11-01T11:33:51 IST" duration-ms="25429">
      <class name="testCases.TestScripts">
        <test-method is-config="true" signature="beforeSuite()[pri:0, instance:testCases.TestScripts@5677323c]" started-at="2022-11-01T11:33:25 IST" name="beforeSuite" finished-at="2022-11-01T11:33:25 IST" duration-ms="7" status="PASS">
          <reporter-output>
          </reporter-output>
        </test-method> <!-- beforeSuite -->
        <test-method is-config="true" signature="beforeMethod()[pri:0, instance:testCases.TestScripts@5677323c]" started-at="2022-11-01T11:33:25 IST" name="beforeMethod" finished-at="2022-11-01T11:33:33 IST" duration-ms="8211" status="PASS">
          <reporter-output>
          </reporter-output>
        </test-method> <!-- beforeMethod -->
        <test-method signature="patientsProfessionalsTest(dataModels.HomePage)[pri:0, instance:testCases.TestScripts@5677323c]" started-at="2022-11-01T11:33:33 IST" name="patientsProfessionalsTest" data-provider="countryLanguageData" finished-at="2022-11-01T11:33:35 IST" duration-ms="1785" status="PASS">
          <params>
            <param index="0">
              <value>
                <![CDATA[dataModels.HomePage@2a9bc08f]]>
              </value>
            </param>
          </params>
          <reporter-output>
          </reporter-output>
        </test-method> <!-- patientsProfessionalsTest -->
        <test-method is-config="true" signature="afterMethod()[pri:0, instance:testCases.TestScripts@5677323c]" started-at="2022-11-01T11:33:35 IST" name="afterMethod" finished-at="2022-11-01T11:33:36 IST" duration-ms="776" status="PASS">
          <reporter-output>
          </reporter-output>
        </test-method> <!-- afterMethod -->
        <test-method is-config="true" signature="beforeMethod()[pri:0, instance:testCases.TestScripts@5677323c]" started-at="2022-11-01T11:33:36 IST" name="beforeMethod" finished-at="2022-11-01T11:33:44 IST" duration-ms="7797" status="PASS">
          <reporter-output>
          </reporter-output>
        </test-method> <!-- beforeMethod -->
        <test-method signature="patientsProfessionalsTest(dataModels.HomePage)[pri:0, instance:testCases.TestScripts@5677323c]" started-at="2022-11-01T11:33:44 IST" name="patientsProfessionalsTest" data-provider="countryLanguageData" finished-at="2022-11-01T11:33:50 IST" duration-ms="6010" status="PASS">
          <params>
            <param index="0">
              <value>
                <![CDATA[dataModels.HomePage@62db0521]]>
              </value>
            </param>
          </params>
          <reporter-output>
          </reporter-output>
        </test-method> <!-- patientsProfessionalsTest -->
        <test-method is-config="true" signature="afterMethod()[pri:0, instance:testCases.TestScripts@5677323c]" started-at="2022-11-01T11:33:50 IST" name="afterMethod" finished-at="2022-11-01T11:33:51 IST" duration-ms="807" status="PASS">
          <reporter-output>
          </reporter-output>
        </test-method> <!-- afterMethod -->
      </class> <!-- testCases.TestScripts -->
    </test> <!-- Default test -->
  </suite> <!-- Default suite -->
</testng-results>
